# Turn 20 [Extravaro1]
HP: 100 | EP: 10 | Atk: 25 | Def: 5 | Kills: 0 |
Equipped : Weapon : None | Armour : None
Inventory 4/10 : Emergency Food [2], Bandage [1], sMoltz [1]
# Turn 21 [Extravaro1]
HP: 100 | EP: 10 | Atk: 25 | Def: 5 | Kills: 0 |
Equipped : Weapon : None | Armour : None
Inventory 4/10 : Emergency Food [2], Bandage [1], sMoltz [1]
# Turn 22 [Extravaro1]
HP: 100 | EP: 10 | Atk: 25 | Def: 5 | Kills: 0 |
Equipped : Weapon : None | Armour : None
Inventory 4/10 : Emergency Food [2], Bandage [1], sMoltz [1]
# Turn 23 [Extravaro1]
HP: 100 | EP: 10 | Atk: 25 | Def: 5 | Kills: 0 |
Equipped : Weapon : None | Armour : None
Inventory 4/10 : Emergency Food [2], Bandage [1], sMoltz [1]
# Turn 24 [Extravaro1]
HP: 100 | EP: 10 | Atk: 25 | Def: 5 | Kills: 0 |
Equipped : Weapon : None | Armour : None
Inventory 4/10 : Emergency Food [2], Bandage [1], sMoltz [1]
# Turn 25 [Extravaro1]
HP: 100 | EP: 10 | Atk: 25 | Def: 5 | Kills: 0 |
Equipped : Weapon : None | Armour : None
Inventory 4/10 : Emergency Food [2], Bandage [1], sMoltz [1]
# Turn 26 [Extravaro1]
HP: 100 | EP: 10 | Atk: 25 | Def: 5 | Kills: 0 |
Equipped : Weapon : None | Armour : None
Inventory 4/10 : Emergency Food [2], Bandage [1], sMoltz [1]
# Turn 27 [Extravaro1]
HP: 100 | EP: 10 | Atk: 25 | Def: 5 | Kills: 0 |
Equipped : Weapon : None | Armour : None
Inventory 4/10 : Emergency Food [2], Bandage [1], sMoltz [1]
# Turn 28 [Extravaro1]
HP: 100 | EP: 10 | Atk: 25 | Def: 5 | Kills: 0 |
Equipped : Weapon : None | Armour : None
Inventory 4/10 : Emergency Food [2], Bandage [1], sMoltz [1]
# Turn 29 [Extravaro1]
HP: 100 | EP: 10 | Atk: 25 | Def: 5 | Kills: 0 |
Equipped : Weapon : None | Armour : None
Inventory 4/10 : Emergency Food [2], Bandage [1], sMoltz [1]
# Turn 30 [Extravaro1]
HP: 100 | EP: 10 | Atk: 25 | Def: 5 | Kills: 0 |
Equipped : Weapon : None | Armour : None
Inventory 4/10 : Emergency Food [2], Bandage [1], sMoltz [1]
# Turn 31 [Extravaro1]
HP: 100 | EP: 10 | Atk: 25 | Def: 5 | Kills: 0 |
Equipped : Weapon : None | Armour : None
Inventory 4/10 : Emergency Food [2], Bandage [1], sMoltz [1]
# Turn 32 [Extravaro1]
HP: 100 | EP: 10 | Atk: 25 | Def: 5 | Kills: 0 |
Equipped : Weapon : None | Armour : None
Inventory 4/10 : Emergency Food [2], Bandage [1], sMoltz [1]
# Turn 33 [Extravaro1]
HP: 100 | EP: 10 | Atk: 25 | Def: 5 | Kills: 0 |
Equipped : Weapon : None | Armour : None
Inventory 4/10 : Emergency Food [2], Bandage [1], sMoltz [1]
# Turn 34 [Extravaro1]
HP: 100 | EP: 10 | Atk: 25 | Def: 5 | Kills: 0 |
Equipped : Weapon : None | Armour : None
Inventory 4/10 : Emergency Food [2], Bandage [1], sMoltz [1]
[SYSTEM] Connection closed. Leaving game room.
