[2026-06-29 00:28:30] [INFO] Launching Agent Instance for 'Extravaro1'...
[2026-06-29 00:28:30] [INFO] Autonomous Agent Runtime initialized successfully.
[2026-06-29 00:28:30] [INFO] Routing current agent state via /accounts/me API...
[2026-06-29 00:28:35] [INFO] Agent is configured and routed to READY_FREE state.
[2026-06-29 00:28:35] [WARNING] Account is eligible for the welcome starter bundle. Initiating POST claim...
[2026-06-29 00:28:35] [ERROR] HTTP Error on POST redeem: Status 400
[2026-06-29 00:28:35] [ERROR] Failed to execute onboarding Welcome redeem: API Error 400: {"success":false,"error":{"code":"VALIDATION_ERROR","message":"Idempotency-Key header required"}}
[2026-06-29 00:28:35] [INFO] Wallet policy check passed. Agent is recognized as the primary agent.
[2026-06-29 00:28:35] [INFO] User preference: Free Room selected.
[2026-06-29 00:28:35] [INFO] Connecting to Matchmaking Queue: wss://cdn.clawroyale.ai/ws/join?version=1.11.2
[2026-06-29 00:28:35] [ERROR] WebSocket Queue Connection failed: BaseEventLoop.create_connection() got an unexpected keyword argument 'extra_headers'
[2026-06-29 00:28:35] [CRITICAL] Fatal crash inside Autonomous Loop (Consecutive: 1): BaseEventLoop.create_connection() got an unexpected keyword argument 'extra_headers'. Backing off execution for 5s...
[2026-06-29 00:28:35] [INFO] WebSocket Client safely disconnected.
[2026-06-29 00:28:40] [INFO] Routing current agent state via /accounts/me API...
[2026-06-29 00:28:45] [INFO] Agent is configured and routed to READY_FREE state.
[2026-06-29 00:28:45] [WARNING] Account is eligible for the welcome starter bundle. Initiating POST claim...
[2026-06-29 00:28:46] [ERROR] HTTP Error on POST redeem: Status 400
[2026-06-29 00:28:46] [ERROR] Failed to execute onboarding Welcome redeem: API Error 400: {"success":false,"error":{"code":"VALIDATION_ERROR","message":"Idempotency-Key header required"}}
[2026-06-29 00:28:46] [INFO] Wallet policy check passed. Agent is recognized as the primary agent.
[2026-06-29 00:28:46] [INFO] User preference: Free Room selected.
[2026-06-29 00:28:46] [INFO] Connecting to Matchmaking Queue: wss://cdn.clawroyale.ai/ws/join?version=1.11.2
[2026-06-29 00:28:46] [ERROR] WebSocket Queue Connection failed: BaseEventLoop.create_connection() got an unexpected keyword argument 'extra_headers'
[2026-06-29 00:28:46] [CRITICAL] Fatal crash inside Autonomous Loop (Consecutive: 1): BaseEventLoop.create_connection() got an unexpected keyword argument 'extra_headers'. Backing off execution for 5s...
[2026-06-29 00:28:46] [INFO] WebSocket Client safely disconnected.
[2026-06-29 00:28:51] [INFO] Routing current agent state via /accounts/me API...
[2026-06-29 00:28:56] [INFO] Agent is configured and routed to READY_FREE state.
[2026-06-29 00:28:56] [WARNING] Account is eligible for the welcome starter bundle. Initiating POST claim...
[2026-06-29 00:28:56] [ERROR] HTTP Error on POST redeem: Status 400
[2026-06-29 00:28:56] [ERROR] Failed to execute onboarding Welcome redeem: API Error 400: {"success":false,"error":{"code":"VALIDATION_ERROR","message":"Idempotency-Key header required"}}
[2026-06-29 00:28:56] [INFO] Wallet policy check passed. Agent is recognized as the primary agent.
[2026-06-29 00:28:56] [INFO] User preference: Free Room selected.
[2026-06-29 00:28:56] [INFO] Connecting to Matchmaking Queue: wss://cdn.clawroyale.ai/ws/join?version=1.11.2
[2026-06-29 00:28:56] [ERROR] WebSocket Queue Connection failed: BaseEventLoop.create_connection() got an unexpected keyword argument 'extra_headers'
[2026-06-29 00:28:56] [CRITICAL] Fatal crash inside Autonomous Loop (Consecutive: 1): BaseEventLoop.create_connection() got an unexpected keyword argument 'extra_headers'. Backing off execution for 5s...
[2026-06-29 00:28:56] [INFO] WebSocket Client safely disconnected.
[2026-06-29 00:29:01] [INFO] Routing current agent state via /accounts/me API...
[2026-06-29 00:29:01] [WARNING] Stopping Agent Instance for 'Extravaro1'...
[2026-06-29 00:29:01] [INFO] WebSocket Client safely disconnected.
[2026-06-29 00:29:01] [WARNING] Autonomous Agent Runtime shut down gracefully.
[2026-06-29 00:29:01] [INFO] Local GameState session successfully cleared.
[2026-06-29 00:29:01] [WARNING] Stopping Agent Instance for 'Extravaro1'...
[2026-06-29 00:29:01] [INFO] WebSocket Client safely disconnected.
[2026-06-29 00:29:01] [WARNING] Autonomous Agent Runtime shut down gracefully.
[2026-06-29 00:29:01] [INFO] Local GameState session successfully cleared.
