[2026-06-29 02:00:01] [orchestrator] [INFO] Loaded 2 agent configurations. Spawning instances...
[2026-06-29 02:00:02] [extravaro1] [INFO] Launching Agent Instance for 'Extravaro1'...
[2026-06-29 02:00:02] [extravaro1] [INFO] Autonomous Agent Runtime initialized successfully.
[2026-06-29 02:00:02] [extravaro2] [INFO] Launching Agent Instance for 'Extravaro2'...
[2026-06-29 02:00:02] [extravaro2] [INFO] Autonomous Agent Runtime initialized successfully.
[2026-06-29 02:00:02] [orchestrator] [INFO] All bot instances successfully initialized. Streaming logs...
[2026-06-29 02:00:02] [extravaro1] [INFO] Routing current agent state via /accounts/me API...
[2026-06-29 02:00:02] [extravaro2] [INFO] Routing current agent state via /accounts/me API...
[2026-06-29 02:00:07] [extravaro1] [WARNING] Active game session detected (Match ID: None). Routing directly to IN_GAME state.
[2026-06-29 02:00:07] [extravaro1] [INFO] WebSocket Client safely disconnected.
[2026-06-29 02:00:07] [extravaro1] [INFO] Transitioning to Gameplay Socket: wss://cdn.clawroyale.ai/ws/agent
[2026-06-29 02:00:07] [extravaro2] [INFO] Agent is configured and routed to READY_FREE state.
[2026-06-29 02:00:07] [extravaro2] [WARNING] Account is eligible for the welcome starter bundle. Initiating POST claim...
[2026-06-29 02:00:07] [extravaro2] [ERROR] HTTP Error on POST redeem: Status 409
[2026-06-29 02:00:07] [extravaro2] [ERROR] Failed to execute onboarding Welcome redeem: API Error 409: {"success":false,"error":{"code":"CONFLICT","message":"code already redeemed by this account"}}
[2026-06-29 02:00:07] [extravaro2] [INFO] Wallet policy check passed. Agent is recognized as the primary agent.
[2026-06-29 02:00:07] [extravaro2] [INFO] User preference: Free Room selected.
[2026-06-29 02:00:07] [extravaro2] [INFO] Connecting to Matchmaking Queue: wss://cdn.clawroyale.ai/ws/join?version=1.11.2
[2026-06-29 02:00:07] [extravaro1] [INFO] Successfully entered Gameplay Socket.
[2026-06-29 02:00:07] [extravaro2] [INFO] Successfully connected to Matchmaking Queue.
[2026-06-29 02:00:07] [extravaro2] [INFO] Received 'welcome' frame. Joining with preference: free
